{
  "RSpec": {
    "coverage": {
      "/home/saasbook/10000hours/app/controllers/application_controller.rb": [
        1,
        1,
        1,
        3,
        3,
        0,
        null,
        null,
        1,
        null,
        null
      ],
      "/home/saasbook/10000hours/app/helpers/application_helper.rb": [
        1,
        null
      ],
      "/home/saasbook/10000hours/app/helpers/charity_helper.rb": [
        1,
        null
      ],
      "/home/saasbook/10000hours/app/helpers/goals_helper.rb": [
        1,
        null
      ],
      "/home/saasbook/10000hours/app/helpers/home_helper.rb": [
        1,
        null
      ],
      "/home/saasbook/10000hours/app/helpers/sessions_helper.rb": [
        1,
        null
      ],
      "/home/saasbook/10000hours/app/helpers/sessions_controller_helper.rb": [
        1,
        null
      ],
      "/home/saasbook/10000hours/app/controllers/charities_controller.rb": [
        1,
        1,
        null,
        null,
        null,
        1,
        0,
        0,
        0,
        0,
        null,
        0,
        0,
        0,
        null,
        null,
        null,
        null,
        1,
        0,
        null,
        null,
        1,
        0,
        0,
        null,
        null,
        1,
        0,
        0,
        0,
        0,
        null,
        null,
        null
      ],
      "/home/saasbook/10000hours/app/controllers/goals_controller.rb": [
        1,
        1,
        null,
        null,
        null,
        1,
        0,
        0,
        0,
        0,
        null,
        0,
        0,
        0,
        null,
        null,
        null,
        null,
        1,
        0,
        null,
        null,
        1,
        0,
        0,
        null,
        null,
        1,
        0,
        0,
        0,
        0,
        null,
        null,
        null
      ],
      "/home/saasbook/10000hours/app/controllers/home_controller.rb": [
        1,
        1,
        1,
        null,
        1,
        null,
        null,
        1,
        null,
        null,
        null
      ],
      "/home/saasbook/10000hours/app/controllers/sessions_controller.rb": [
        null,
        1,
        1,
        1,
        null,
        null,
        null,
        1,
        null,
        0,
        null,
        null,
        1,
        2,
        2,
        1,
        1,
        1,
        null,
        null,
        1,
        1,
        null,
        null,
        1,
        0,
        0,
        0,
        null,
        null,
        1,
        1,
        1,
        1,
        null,
        null,
        null
      ],
      "/home/saasbook/10000hours/app/controllers/users_controller.rb": [
        null,
        1,
        null,
        1,
        0,
        null,
        null,
        1,
        0,
        0,
        null,
        null,
        1,
        null,
        null,
        null,
        1,
        0,
        0,
        0,
        null,
        0,
        0,
        0,
        0,
        0,
        null,
        0,
        0,
        null,
        null,
        null,
        null,
        null
      ],
      "/home/saasbook/10000hours/app/models/charity.rb": [
        1,
        null,
        1,
        null,
        1,
        null,
        0,
        null,
        0,
        null,
        null,
        null
      ],
      "/home/saasbook/10000hours/app/models/goal.rb": [
        1,
        1,
        null,
        1,
        null,
        0,
        null,
        0,
        null,
        null
      ],
      "/home/saasbook/10000hours/app/models/user.rb": [
        1,
        1,
        null,
        2,
        1,
        1,
        1,
        null,
        1,
        null,
        null,
        1,
        0,
        0,
        0,
        0,
        0,
        0,
        0,
        0,
        0,
        0,
        0,
        null,
        null,
        null,
        null,
        1,
        0,
        0,
        0,
        0,
        null,
        null,
        1,
        null,
        null
      ]
    },
    "timestamp": 1415491873
  }
}
