{
  "RSpec": {
    "coverage": {
      "/home/saasbook/Documents/10000Hours/10000Hours/app/controllers/application_controller.rb": [
        1,
        1,
        1,
        14,
        14,
        0,
        null,
        null,
        1,
        null,
        null
      ],
      "/home/saasbook/Documents/10000Hours/10000Hours/app/helpers/application_helper.rb": [
        1,
        null
      ],
      "/home/saasbook/Documents/10000Hours/10000Hours/app/helpers/charity_helper.rb": [
        1,
        null
      ],
      "/home/saasbook/Documents/10000Hours/10000Hours/app/helpers/goals_helper.rb": [
        1,
        null
      ],
      "/home/saasbook/Documents/10000Hours/10000Hours/app/helpers/home_helper.rb": [
        1,
        null
      ],
      "/home/saasbook/Documents/10000Hours/10000Hours/app/helpers/sessions_helper.rb": [
        1,
        null
      ],
      "/home/saasbook/Documents/10000Hours/10000Hours/app/helpers/sessions_controller_helper.rb": [
        1,
        null
      ],
      "/home/saasbook/Documents/10000Hours/10000Hours/app/controllers/charities_controller.rb": [
        1,
        1,
        null,
        null,
        null,
        1,
        3,
        0,
        0,
        0,
        0,
        null,
        0,
        0,
        0,
        0,
        null,
        null,
        3,
        3,
        null,
        null,
        null,
        1,
        0,
        null,
        null,
        1,
        0,
        0,
        null,
        null,
        1,
        0,
        0,
        0,
        0,
        0,
        null,
        0,
        0,
        null,
        null,
        null,
        null
      ],
      "/home/saasbook/Documents/10000Hours/10000Hours/app/controllers/goals_controller.rb": [
        1,
        1,
        null,
        0,
        null,
        null,
        1,
        0,
        0,
        0,
        null,
        0,
        0,
        0,
        0,
        0,
        0,
        0,
        0,
        0,
        0,
        0,
        0,
        null,
        null,
        0,
        null,
        null,
        null,
        null,
        1,
        0,
        null,
        null,
        1,
        0,
        0,
        0,
        0,
        null,
        null,
        1,
        0,
        0,
        null,
        null,
        1,
        0,
        0,
        0,
        0,
        0,
        0,
        null,
        null,
        null,
        1,
        0,
        0,
        0,
        0,
        0,
        null,
        0,
        0,
        null,
        null,
        null,
        null
      ],
      "/home/saasbook/Documents/10000Hours/10000Hours/app/controllers/home_controller.rb": [
        1,
        1,
        0,
        0,
        null,
        0,
        null,
        1,
        null,
        1,
        null,
        null,
        null
      ],
      "/home/saasbook/Documents/10000Hours/10000Hours/app/controllers/sessions_controller.rb": [
        null,
        1,
        1,
        null,
        null,
        1,
        6,
        6,
        2,
        2,
        null,
        4,
        4,
        null,
        null,
        1,
        0,
        0,
        0,
        0,
        0,
        null,
        1,
        1,
        1,
        1,
        null,
        null,
        null
      ],
      "/home/saasbook/Documents/10000Hours/10000Hours/app/controllers/users_controller.rb": [
        null,
        1,
        1,
        0,
        0,
        null,
        0,
        0,
        null,
        null,
        null,
        1,
        0,
        0,
        0,
        0,
        0,
        0,
        0,
        0,
        0,
        null,
        0,
        0,
        0,
        null,
        null,
        null,
        0,
        0,
        null,
        null,
        null,
        1,
        null,
        null,
        null,
        1,
        4,
        1,
        1,
        null,
        3,
        3,
        2,
        2,
        0,
        0,
        null,
        1,
        1,
        null,
        null,
        null,
        null,
        1,
        0,
        0,
        0,
        0,
        0,
        null,
        0,
        0,
        null,
        null,
        0,
        0,
        null,
        null,
        null,
        1,
        0,
        0,
        0,
        0,
        0,
        null,
        0,
        0,
        null,
        null,
        0,
        0,
        0,
        0,
        null,
        0,
        0,
        null,
        null,
        0,
        0,
        null,
        null,
        null
      ],
      "/home/saasbook/Documents/10000Hours/10000Hours/app/mailers/user_notifier.rb": [
        1,
        null,
        1,
        null,
        1,
        2,
        2,
        null,
        null,
        1,
        0,
        0,
        null,
        null
      ],
      "/home/saasbook/Documents/10000Hours/10000Hours/app/models/charity.rb": [
        1,
        null,
        1,
        null,
        null,
        1,
        null,
        0,
        null,
        0,
        null,
        null,
        null
      ],
      "/home/saasbook/Documents/10000Hours/10000Hours/app/models/goal.rb": [
        1,
        1,
        1,
        1,
        1,
        null,
        0,
        null,
        0,
        null,
        null,
        null,
        1,
        0,
        null,
        1,
        null,
        0,
        null,
        null,
        null,
        null,
        1,
        0,
        0,
        0,
        0,
        null,
        0,
        0,
        null,
        null,
        null,
        null,
        null
      ],
      "/home/saasbook/Documents/10000Hours/10000Hours/app/models/user.rb": [
        1,
        1,
        null,
        4,
        1,
        1,
        1,
        null,
        7,
        null,
        1,
        null,
        1,
        0,
        0,
        0,
        0,
        0,
        0,
        0,
        0,
        0,
        0,
        null,
        null,
        null,
        null,
        1,
        3,
        3,
        3,
        3,
        3,
        3,
        3,
        null,
        null,
        1,
        null,
        null
      ],
      "/home/saasbook/Documents/10000Hours/10000Hours/app/models/user_mailer.rb": [
        1,
        1,
        0,
        0,
        null,
        null
      ]
    },
    "timestamp": 1418092727
  }
}
